15:18:27 Warning: channel 3 :Echo data less than 4.

15:18:27 Warning: channel 3 :Echo data less than 4.

15:18:30 Warning: channel 23 :Echo data less than 4.

15:18:31 Warning: channel 23 :Echo data less than 4.

15:18:31 Warning: channel 23 :Echo data less than 4.

15:18:31 Warning: channel 23 :Echo data less than 4.

15:18:46 Warning: TREAT SESSION "ACTION: Start a treat session RESULT: Done successfully."

15:18:46 Warning: ==============================================

15:22:45 Warning: channel 3 :Echo data less than 4.

15:22:45 Warning: channel 3 :Echo data less than 4.

15:22:45 Warning: channel 3 :Echo data less than 4.

15:22:45 Warning: channel 3 :Echo data less than 4.

15:22:48 Warning: channel 23 :Echo data less than 4.

15:22:49 Warning: channel 23 :Echo data less than 4.

15:22:49 Warning: channel 23 :Echo data less than 4.

15:22:49 Warning: channel 23 :Echo data less than 4.

15:23:05 Warning: TREAT SESSION "ACTION: Start a treat session RESULT: Done successfully."

15:23:05 Warning: ==============================================

15:26:14 Warning: channel 3 :Echo data less than 4.

15:26:17 Warning: channel 23 :Echo data less than 4.

15:26:17 Warning: channel 23 :Echo data less than 4.

15:26:17 Warning: channel 23 :Echo data less than 4.

15:26:18 Warning: channel 23 :Echo data less than 4.

15:26:33 Warning: TREAT SESSION "ACTION: Stop the running treat session RESULT: Done successfully."

15:26:34 Warning: TREAT SESSION The spot # 0 , duty # 0  is finished.

15:26:34 Warning: ==========================================

15:28:16 Warning: channel 3 :Echo data less than 4.

15:28:16 Warning: channel 3 :Echo data less than 4.

15:28:16 Warning: channel 3 :Echo data less than 4.

15:28:16 Warning: channel 3 :Echo data less than 4.

15:28:20 Warning: channel 23 :Echo data less than 4.

15:28:20 Warning: channel 23 :Echo data less than 4.

15:28:20 Warning: channel 23 :Echo data less than 4.

15:28:20 Warning: channel 23 :Echo data less than 4.

15:28:36 Warning: TREAT SESSION "ACTION: Stop the running treat session RESULT: Done successfully."

15:28:36 Warning: ==============================================

15:30:19 Warning: channel 3 :Echo data less than 4.

15:30:19 Warning: channel 3 :Echo data less than 4.

15:30:19 Warning: channel 3 :Echo data less than 4.

15:30:19 Warning: channel 3 :Echo data less than 4.

15:30:19 Warning: channel 5 :Echo data less than 4.

15:30:23 Warning: channel 23 :Echo data less than 4.

15:30:23 Warning: channel 23 :Echo data less than 4.

15:30:23 Warning: channel 23 :Echo data less than 4.

15:30:23 Warning: channel 23 :Echo data less than 4.

15:30:33 Warning: channel 80 :Echo data less than 4.

15:30:33 Warning: channel 80 :Echo data less than 4.

